#
# A fatal error has been detected by the Java Runtime Environment:
#
#  EXCEPTION_ACCESS_VIOLATION (0xc0000005) at pc=0x000000005a38fdc6, pid=17880, tid=0x00000000000052e8
#
# JRE version: Java(TM) SE Runtime Environment (8.0_192-b12) (build 1.8.0_192-b12)
# Java VM: Java HotSpot(TM) 64-Bit Server VM (25.192-b12 mixed mode windows-amd64 compressed oops)
# Problematic frame:
# V  [jvm.dll+0xbfdc6]
#
# Failed to write core dump. Minidumps are not enabled by default on client versions of Windows
#
# If you would like to submit a bug report, please visit:
#   http://bugreport.java.com/bugreport/crash.jsp
#

---------------  T H R E A D  ---------------

Current thread (0x0000000002fe6800):  JavaThread "main" [_thread_in_vm, id=21224, stack(0x0000000002e00000,0x0000000002f00000)]

siginfo: ExceptionCode=0xc0000005, reading address 0xffffffffffffffff

Registers:
RAX=0x8000000000000000, RBX=0x0000000002efe0a0, RCX=0x00000000000000b4, RDX=0x8000000000000000
RSP=0x0000000002efddc0, RBP=0x0000000002fe6800, RSI=0x0000000002efe000, RDI=0x000000000000002a
R8 =0x000000005a8d6a58, R9 =0x0000000000000000, R10=0x0000000000000000, R11=0x8000000000000000
R12=0x0000000002efdff0, R13=0x0000000002fe6800, R14=0x0000000002efe0a0, R15=0x000000005a8d6a58
RIP=0x000000005a38fdc6, EFLAGS=0x0000000000010286

Top of Stack: (sp=0x0000000002efddc0)
0x0000000002efddc0:   0000000002fe6800 0000000000000000
0x0000000002efddd0:   0000000017461470 0000000002fe6800
0x0000000002efdde0:   0000000000000000 000000005a36b49f
0x0000000002efddf0:   0000000002fe6800 0000000002fd8980
0x0000000002efde00:   0000000000000000 0000000002fe71d8
0x0000000002efde10:   0000000002fe7288 0000000017482cb0
0x0000000002efde20:   0000000002fe6800 000000000000000c
0x0000000002efde30:   0000000017461470 0000000017460810
0x0000000002efde40:   ffffffffffffffff 0000000000000000
0x0000000002efde50:   00000000174615b8 000000005a36b49f
0x0000000002efde60:   0000000002fe6800 0000000002fd8980
0x0000000002efde70:   0000000002fe71a0 0000000002fe71d8
0x0000000002efde80:   0000000002fe7288 000000005a36b49f
0x0000000002efde90:   0000000002efe3b8 000000010004af10
0x0000000002efdea0:   00000000030e8300 0000000017485210
0x0000000002efdeb0:   0000000002fe6800 000000005a388f43 

Instructions: (pc=0x000000005a38fdc6)
0x000000005a38fda6:   8b cb e8 23 ed 00 00 48 8b ce e8 1b ea 00 00 48
0x000000005a38fdb6:   89 73 10 48 89 6b 18 4c 89 63 20 e9 f4 03 00 00
0x000000005a38fdc6:   48 8b 3a 4c 8b cb 4d 8b c2 49 8b d7 48 8b c8 ff
0x000000005a38fdd6:   97 98 00 00 00 48 8b f8 48 85 c0 75 31 49 8b 9d 


Register to memory mapping:

RAX=0x8000000000000000 is an unknown value
RBX=0x0000000002efe0a0 is pointing into the stack for thread: 0x0000000002fe6800
RCX=0x00000000000000b4 is an unknown value
RDX=0x8000000000000000 is an unknown value
RSP=0x0000000002efddc0 is pointing into the stack for thread: 0x0000000002fe6800
RBP=0x0000000002fe6800 is a thread
RSI=0x0000000002efe000 is pointing into the stack for thread: 0x0000000002fe6800
RDI=0x000000000000002a is an unknown value
R8 =0x000000005a8d6a58 is an unknown value
R9 =0x0000000000000000 is an unknown value
R10=0x0000000000000000 is an unknown value
R11=0x8000000000000000 is an unknown value
R12=0x0000000002efdff0 is pointing into the stack for thread: 0x0000000002fe6800
R13=0x0000000002fe6800 is a thread
R14=0x0000000002efe0a0 is pointing into the stack for thread: 0x0000000002fe6800
R15=0x000000005a8d6a58 is an unknown value


Stack: [0x0000000002e00000,0x0000000002f00000],  sp=0x0000000002efddc0,  free space=1015k
Native frames: (J=compiled Java code, j=interpreted, Vv=VM code, C=native code)
V  [jvm.dll+0xbfdc6]
V  [jvm.dll+0xc16a2]
V  [jvm.dll+0xbae30]
C  0x000000000310ea9a

Java frames: (J=compiled Java code, j=interpreted, Vv=VM code)
j  com.carmensol.BaseTest.Login()V+13
v  ~StubRoutines::call_stub
j  sun.reflect.NativeMethodAccessorImpl.invoke0(Ljava/lang/reflect/Method;Ljava/lang/Object;[Ljava/lang/Object;)Ljava/lang/Object;+0
j  sun.reflect.NativeMethodAccessorImpl.invoke(Ljava/lang/Object;[Ljava/lang/Object;)Ljava/lang/Object;+100
j  sun.reflect.DelegatingMethodAccessorImpl.invoke(Ljava/lang/Object;[Ljava/lang/Object;)Ljava/lang/Object;+6
j  java.lang.reflect.Method.invoke(Ljava/lang/Object;[Ljava/lang/Object;)Ljava/lang/Object;+56
j  org.testng.internal.MethodInvocationHelper.invokeMethod(Ljava/lang/reflect/Method;Ljava/lang/Object;[Ljava/lang/Object;)Ljava/lang/Object;+255
j  org.testng.internal.MethodInvocationHelper.invokeMethodConsideringTimeout(Lorg/testng/ITestNGMethod;Lorg/testng/internal/ConstructorOrMethod;Ljava/lang/Object;[Ljava/lang/Object;Lorg/testng/ITestResult;)V+15
j  org.testng.internal.Invoker.invokeConfigurationMethod(Ljava/lang/Object;Lorg/testng/ITestNGMethod;[Ljava/lang/Object;Lorg/testng/ITestResult;)V+143
j  org.testng.internal.Invoker.invokeConfigurations(Lorg/testng/IClass;Lorg/testng/ITestNGMethod;[Lorg/testng/ITestNGMethod;Lorg/testng/xml/XmlSuite;Ljava/util/Map;[Ljava/lang/Object;Ljava/lang/Object;Lorg/testng/ITestResult;)V+469
j  org.testng.internal.Invoker.invokeMethod(Ljava/lang/Object;Lorg/testng/ITestNGMethod;[Ljava/lang/Object;ILorg/testng/xml/XmlSuite;Ljava/util/Map;Lorg/testng/ITestClass;[Lorg/testng/ITestNGMethod;[Lorg/testng/ITestNGMethod;Lorg/testng/internal/ConfigurationGroupMethods;Lorg/testng/internal/Invoker$FailureContext;)Lorg/testng/ITestResult;+43
j  org.testng.internal.Invoker.invokeTestMethod(Ljava/lang/Object;Lorg/testng/ITestNGMethod;[Ljava/lang/Object;ILorg/testng/xml/XmlSuite;Ljava/util/Map;Lorg/testng/ITestClass;[Lorg/testng/ITestNGMethod;[Lorg/testng/ITestNGMethod;Lorg/testng/internal/ConfigurationGroupMethods;Lorg/testng/internal/Invoker$FailureContext;)Lorg/testng/ITestResult;+29
j  org.testng.internal.Invoker.invokeTestMethods(Lorg/testng/ITestNGMethod;Lorg/testng/xml/XmlSuite;Ljava/util/Map;Lorg/testng/internal/ConfigurationGroupMethods;Ljava/lang/Object;Lorg/testng/ITestContext;)Ljava/util/List;+729
j  org.testng.internal.TestMethodWorker.invokeTestMethods(Lorg/testng/ITestNGMethod;Ljava/lang/Object;Lorg/testng/ITestContext;)V+19
j  org.testng.internal.TestMethodWorker.run()V+63
j  org.testng.TestRunner.privateRun(Lorg/testng/xml/XmlTest;)V+300
j  org.testng.TestRunner.run()V+25
j  org.testng.SuiteRunner.runTest(Lorg/testng/TestRunner;)V+1
j  org.testng.SuiteRunner.runSequentially()V+31
j  org.testng.SuiteRunner.privateRun()V+288
j  org.testng.SuiteRunner.run()V+6
j  org.testng.SuiteRunnerWorker.runSuite(Lorg/testng/internal/SuiteRunnerMap;Lorg/testng/xml/XmlSuite;)V+87
j  org.testng.SuiteRunnerWorker.run()V+12
j  org.testng.TestNG.runSuitesSequentially(Lorg/testng/xml/XmlSuite;Lorg/testng/internal/SuiteRunnerMap;ILjava/lang/String;)V+66
j  org.testng.TestNG.runSuitesLocally()Ljava/util/List;+156
j  org.testng.TestNG.runSuites()Ljava/util/List;+1
j  org.testng.TestNG.run()V+25
j  org.testng.remote.AbstractRemoteTestNG.run()V+149
j  org.testng.remote.RemoteTestNG.initAndRun(Lorg/testng/remote/IRemoteTestNG;[Ljava/lang/String;Lorg/testng/CommandLineArgs;Lorg/testng/remote/RemoteArgs;)V+184
j  org.testng.remote.RemoteTestNG.main([Ljava/lang/String;)V+201
v  ~StubRoutines::call_stub

---------------  P R O C E S S  ---------------

Java Threads: ( => current thread )
  0x000000001b4fb000 JavaThread "Exec Stream Pumper" daemon [_thread_in_native, id=20484, stack(0x000000001c550000,0x000000001c650000)]
  0x000000001b43d000 JavaThread "Exec Stream Pumper" daemon [_thread_in_native, id=9776, stack(0x000000001c450000,0x000000001c550000)]
  0x000000001b4d4800 JavaThread "Exec Default Executor" daemon [_thread_in_native, id=8840, stack(0x000000001c250000,0x000000001c350000)]
  0x0000000019cec800 JavaThread "Service Thread" daemon [_thread_blocked, id=20676, stack(0x000000001a080000,0x000000001a180000)]
  0x0000000017d38800 JavaThread "C1 CompilerThread2" daemon [_thread_blocked, id=7920, stack(0x0000000019b80000,0x0000000019c80000)]
  0x0000000017d37000 JavaThread "C2 CompilerThread1" daemon [_thread_blocked, id=13744, stack(0x0000000019a80000,0x0000000019b80000)]
  0x0000000017d33800 JavaThread "C2 CompilerThread0" daemon [_thread_blocked, id=20996, stack(0x0000000019980000,0x0000000019a80000)]
  0x0000000017d1e000 JavaThread "JDWP Event Helper Thread" daemon [_thread_blocked, id=21056, stack(0x0000000019780000,0x0000000019880000)]
  0x0000000017d03000 JavaThread "Attach Listener" daemon [_thread_blocked, id=20792, stack(0x0000000019240000,0x0000000019340000)]
  0x0000000017d01800 JavaThread "Signal Dispatcher" daemon [_thread_blocked, id=21492, stack(0x0000000019140000,0x0000000019240000)]
  0x0000000017cf0000 JavaThread "Finalizer" daemon [_thread_blocked, id=17936, stack(0x0000000018f50000,0x0000000019050000)]
  0x0000000017cc9000 JavaThread "Reference Handler" daemon [_thread_blocked, id=17020, stack(0x0000000018e50000,0x0000000018f50000)]
=>0x0000000002fe6800 JavaThread "main" [_thread_in_vm, id=21224, stack(0x0000000002e00000,0x0000000002f00000)]

Other Threads:
  0x0000000017cc7000 VMThread [stack: 0x0000000018d50000,0x0000000018e50000] [id=10736]
  0x0000000019d7c000 WatcherThread [stack: 0x000000001a180000,0x000000001a280000] [id=20680]

VM state:not at safepoint (normal execution)

VM Mutex/Monitor currently owned by a thread: None

heap address: 0x0000000080000000, size: 2048 MB, Compressed Oops mode: 32-bit
Narrow klass base: 0x0000000000000000, Narrow klass shift: 3
Compressed class space size: 1073741824 Address: 0x0000000100000000

Heap:
 PSYoungGen      total 38400K, used 19677K [0x00000000d5580000, 0x00000000d8000000, 0x0000000100000000)
  eden space 33280K, 43% used [0x00000000d5580000,0x00000000d63bf1b0,0x00000000d7600000)
  from space 5120K, 99% used [0x00000000d7b00000,0x00000000d7ff8398,0x00000000d8000000)
  to   space 5120K, 0% used [0x00000000d7600000,0x00000000d7600000,0x00000000d7b00000)
 ParOldGen       total 87552K, used 2883K [0x0000000080000000, 0x0000000085580000, 0x00000000d5580000)
  object space 87552K, 3% used [0x0000000080000000,0x00000000802d0c38,0x0000000085580000)
 Metaspace       used 18555K, capacity 18940K, committed 19200K, reserved 1067008K
  class space    used 2370K, capacity 2504K, committed 2560K, reserved 1048576K

Card table byte_map: [0x00000000124a0000,0x00000000128b0000] byte_map_base: 0x00000000120a0000

Marking Bits: (ParMarkBitMap*) 0x000000005aaf3ce0
 Begin Bits: [0x0000000012f60000, 0x0000000014f60000)
 End Bits:   [0x0000000014f60000, 0x0000000016f60000)

Polling page: 0x00000000013b0000

CodeCache: size=245760Kb used=5447Kb max_used=5447Kb free=240312Kb
 bounds [0x00000000030e0000, 0x0000000003640000, 0x00000000120e0000]
 total_blobs=1934 nmethods=1528 adapters=327
 compilation: enabled

Compilation events (10 events):
Event: 3.974 Thread 0x0000000017d38800 1524       3       com.google.common.collect.ImmutableCollection$ArrayBasedBuilder::add (34 bytes)
Event: 3.974 Thread 0x0000000017d38800 nmethod 1524 0x000000000362de90 code [0x000000000362e060, 0x000000000362e6c8]
Event: 3.974 Thread 0x0000000017d38800 1526       3       com.google.common.base.AbstractIterator::next (34 bytes)
Event: 3.974 Thread 0x0000000017d38800 nmethod 1526 0x000000000362ea50 code [0x000000000362ebe0, 0x000000000362ef38]
Event: 3.974 Thread 0x0000000017d38800 1527       3       com.google.common.collect.ImmutableList$Builder::add (8 bytes)
Event: 3.975 Thread 0x0000000017d38800 nmethod 1527 0x000000000362f090 code [0x000000000362f260, 0x000000000362f928]
Event: 3.975 Thread 0x0000000017d38800 1523       3       com.google.common.collect.ImmutableList$Builder::add (6 bytes)
Event: 3.975 Thread 0x0000000017d38800 nmethod 1523 0x000000000362fdd0 code [0x000000000362ff40, 0x00000000036301c8]
Event: 3.988 Thread 0x0000000017d38800 1528       3       java.lang.reflect.Proxy::getInvocationHandler (67 bytes)
Event: 3.990 Thread 0x0000000017d38800 nmethod 1528 0x0000000003630290 code [0x0000000003630660, 0x0000000003632b88]

GC Heap History (4 events):
Event: 1.118 GC heap before
{Heap before GC invocations=1 (full 0):
 PSYoungGen      total 38400K, used 33280K [0x00000000d5580000, 0x00000000d8000000, 0x0000000100000000)
  eden space 33280K, 100% used [0x00000000d5580000,0x00000000d7600000,0x00000000d7600000)
  from space 5120K, 0% used [0x00000000d7b00000,0x00000000d7b00000,0x00000000d8000000)
  to   space 5120K, 0% used [0x00000000d7600000,0x00000000d7600000,0x00000000d7b00000)
 ParOldGen       total 87552K, used 0K [0x0000000080000000, 0x0000000085580000, 0x00000000d5580000)
  object space 87552K, 0% used [0x0000000080000000,0x0000000080000000,0x0000000085580000)
 Metaspace       used 11572K, capacity 11756K, committed 12032K, reserved 1060864K
  class space    used 1386K, capacity 1450K, committed 1536K, reserved 1048576K
Event: 1.125 GC heap after
Heap after GC invocations=1 (full 0):
 PSYoungGen      total 38400K, used 5088K [0x00000000d5580000, 0x00000000d8000000, 0x0000000100000000)
  eden space 33280K, 0% used [0x00000000d5580000,0x00000000d5580000,0x00000000d7600000)
  from space 5120K, 99% used [0x00000000d7600000,0x00000000d7af8330,0x00000000d7b00000)
  to   space 5120K, 0% used [0x00000000d7b00000,0x00000000d7b00000,0x00000000d8000000)
 ParOldGen       total 87552K, used 557K [0x0000000080000000, 0x0000000085580000, 0x00000000d5580000)
  object space 87552K, 0% used [0x0000000080000000,0x000000008008b570,0x0000000085580000)
 Metaspace       used 11572K, capacity 11756K, committed 12032K, reserved 1060864K
  class space    used 1386K, capacity 1450K, committed 1536K, reserved 1048576K
}
Event: 2.230 GC heap before
{Heap before GC invocations=2 (full 0):
 PSYoungGen      total 38400K, used 38368K [0x00000000d5580000, 0x00000000d8000000, 0x0000000100000000)
  eden space 33280K, 100% used [0x00000000d5580000,0x00000000d7600000,0x00000000d7600000)
  from space 5120K, 99% used [0x00000000d7600000,0x00000000d7af8330,0x00000000d7b00000)
  to   space 5120K, 0% used [0x00000000d7b00000,0x00000000d7b00000,0x00000000d8000000)
 ParOldGen       total 87552K, used 557K [0x0000000080000000, 0x0000000085580000, 0x00000000d5580000)
  object space 87552K, 0% used [0x0000000080000000,0x000000008008b570,0x0000000085580000)
 Metaspace       used 16445K, capacity 16760K, committed 16896K, reserved 1064960K
  class space    used 2070K, capacity 2206K, committed 2304K, reserved 1048576K
Event: 2.241 GC heap after
Heap after GC invocations=2 (full 0):
 PSYoungGen      total 38400K, used 5088K [0x00000000d5580000, 0x00000000d8000000, 0x0000000100000000)
  eden space 33280K, 0% used [0x00000000d5580000,0x00000000d5580000,0x00000000d7600000)
  from space 5120K, 99% used [0x00000000d7b00000,0x00000000d7ff8398,0x00000000d8000000)
  to   space 5120K, 0% used [0x00000000d7600000,0x00000000d7600000,0x00000000d7b00000)
 ParOldGen       total 87552K, used 2883K [0x0000000080000000, 0x0000000085580000, 0x00000000d5580000)
  object space 87552K, 3% used [0x0000000080000000,0x00000000802d0c38,0x0000000085580000)
 Metaspace       used 16445K, capacity 16760K, committed 16896K, reserved 1064960K
  class space    used 2070K, capacity 2206K, committed 2304K, reserved 1048576K
}

Deoptimization events (10 events):
Event: 2.153 Thread 0x0000000002fe6800 Uncommon trap: reason=range_check action=none pc=0x000000000342a3dc method=sun.reflect.generics.parser.SignatureParser.current()C @ 34
Event: 2.192 Thread 0x0000000002fe6800 Uncommon trap: reason=range_check action=none pc=0x000000000342a3dc method=sun.reflect.generics.parser.SignatureParser.current()C @ 34
Event: 2.193 Thread 0x0000000002fe6800 Uncommon trap: reason=range_check action=none pc=0x000000000342a3dc method=sun.reflect.generics.parser.SignatureParser.current()C @ 34
Event: 2.247 Thread 0x0000000002fe6800 Uncommon trap: reason=class_check action=maybe_recompile pc=0x00000000035771f4 method=java.util.regex.Matcher.search(I)Z @ 86
Event: 2.247 Thread 0x0000000002fe6800 Uncommon trap: reason=class_check action=maybe_recompile pc=0x00000000034da2d8 method=java.util.regex.Pattern$Curly.match(Ljava/util/regex/Matcher;ILjava/lang/CharSequence;)Z @ 19
Event: 2.248 Thread 0x0000000002fe6800 Uncommon trap: reason=class_check action=maybe_recompile pc=0x00000000035771f4 method=java.util.regex.Matcher.search(I)Z @ 86
Event: 2.248 Thread 0x0000000002fe6800 Uncommon trap: reason=class_check action=maybe_recompile pc=0x00000000034da2d8 method=java.util.regex.Pattern$Curly.match(Ljava/util/regex/Matcher;ILjava/lang/CharSequence;)Z @ 19
Event: 2.248 Thread 0x0000000002fe6800 Uncommon trap: reason=class_check action=maybe_recompile pc=0x00000000035771f4 method=java.util.regex.Matcher.search(I)Z @ 86
Event: 2.328 Thread 0x0000000002fe6800 Uncommon trap: reason=unstable_if action=reinterpret pc=0x00000000034c5270 method=java.util.regex.Pattern$BmpCharProperty.match(Ljava/util/regex/Matcher;ILjava/lang/CharSequence;)Z @ 34
Event: 2.386 Thread 0x0000000002fe6800 Uncommon trap: reason=unstable_if action=reinterpret pc=0x00000000035b98cc method=java.util.concurrent.ConcurrentHashMap.putVal(Ljava/lang/Object;Ljava/lang/Object;Z)Ljava/lang/Object; @ 181

Classes redefined (10 events):
Event: 1542.285 Thread 0x0000000017cc7000 redefined class name=com.carmensol.BaseTest, count=7
Event: 1607.985 Thread 0x0000000017cc7000 redefined class name=com.carmensol.BaseTest, count=8
Event: 2161.792 Thread 0x0000000017cc7000 redefined class name=com.carmensol.ClaimPaymentsScenarios, count=9
Event: 2369.737 Thread 0x0000000017cc7000 redefined class name=com.carmensol.BaseTest, count=9
Event: 2369.742 Thread 0x0000000017cc7000 redefined class name=com.carmensol.ClaimPaymentsScenarios, count=11
Event: 2369.748 Thread 0x0000000017cc7000 redefined class name=com.carmensol.CreateClaimSaveAndContinue, count=10
Event: 2966.000 Thread 0x0000000017cc7000 redefined class name=com.carmensol.ClaimPaymentsScenarios, count=12
Event: 3077.764 Thread 0x0000000017cc7000 redefined class name=com.carmensol.BaseTest, count=10
Event: 3857.850 Thread 0x0000000017cc7000 redefined class name=com.carmensol.BaseTest, count=11
Event: 4602.035 Thread 0x0000000017cc7000 redefined class name=com.carmensol.BaseTest, count=12

Internal exceptions (10 events):
Event: 2.141 Thread 0x0000000002fe6800 Exception <a 'java/lang/ArrayIndexOutOfBoundsException': 40> (0x00000000d7099560) thrown at [C:\workspace\8-2-build-windows-amd64-cygwin\jdk8u192\11897\hotspot\src\share\vm\interpreter\interpreterRuntime.cpp, line 368]
Event: 2.153 Thread 0x0000000002fe6800 Exception <a 'java/lang/ArrayIndexOutOfBoundsException': 55> (0x00000000d721a828) thrown at [C:\workspace\8-2-build-windows-amd64-cygwin\jdk8u192\11897\hotspot\src\share\vm\interpreter\interpreterRuntime.cpp, line 368]
Event: 2.192 Thread 0x0000000002fe6800 Exception <a 'java/lang/ArrayIndexOutOfBoundsException': 90> (0x00000000d74c22e0) thrown at [C:\workspace\8-2-build-windows-amd64-cygwin\jdk8u192\11897\hotspot\src\share\vm\interpreter\interpreterRuntime.cpp, line 368]
Event: 2.193 Thread 0x0000000002fe6800 Exception <a 'java/lang/ArrayIndexOutOfBoundsException': 105> (0x00000000d74c3c50) thrown at [C:\workspace\8-2-build-windows-amd64-cygwin\jdk8u192\11897\hotspot\src\share\vm\interpreter\interpreterRuntime.cpp, line 368]
Event: 2.217 Thread 0x0000000002fe6800 Exception <a 'java/lang/IncompatibleClassChangeError': Found class java.lang.Object, but interface was expected> (0x00000000d7595df0) thrown at [C:\workspace\8-2-build-windows-amd64-cygwin\jdk8u192\11897\hotspot\src\share\vm\interpreter\linkResolver.cpp, 
Event: 19838.758 Thread 0x000000001a614000 Exception <a 'sun/net/ConnectionResetException': > (0x00000000d636beb8) thrown at [C:\workspace\8-2-build-windows-amd64-cygwin\jdk8u192\11897\hotspot\src\share\vm\prims\jni.cpp, line 735]
Event: 19838.758 Thread 0x000000001a614000 Exception <a 'sun/net/ConnectionResetException': > (0x00000000d636c0e8) thrown at [C:\workspace\8-2-build-windows-amd64-cygwin\jdk8u192\11897\hotspot\src\share\vm\prims\jni.cpp, line 735]
Event: 19838.827 Thread 0x0000000002fe6800 Exception <a 'java/io/IOException'> (0x00000000d628c1c8) thrown at [C:\workspace\8-2-build-windows-amd64-cygwin\jdk8u192\11897\hotspot\src\share\vm\prims\jni.cpp, line 709]
Event: 19838.828 Thread 0x0000000002fe6800 Exception <a 'java/io/IOException'> (0x00000000d628c640) thrown at [C:\workspace\8-2-build-windows-amd64-cygwin\jdk8u192\11897\hotspot\src\share\vm\prims\jni.cpp, line 709]
Event: 19838.828 Thread 0x0000000002fe6800 Exception <a 'java/io/IOException'> (0x00000000d628ca88) thrown at [C:\workspace\8-2-build-windows-amd64-cygwin\jdk8u192\11897\hotspot\src\share\vm\prims\jni.cpp, line 709]

Events (10 events):
Event: 19838.775 Executing VM operation: ChangeBreakpoints done
Event: 19838.776 Executing VM operation: ChangeBreakpoints
Event: 19838.776 Executing VM operation: ChangeBreakpoints done
Event: 19838.776 Executing VM operation: ChangeBreakpoints
Event: 19838.777 Executing VM operation: ChangeBreakpoints done
Event: 19838.778 Executing VM operation: ChangeBreakpoints
Event: 19838.778 Executing VM operation: ChangeBreakpoints done
Event: 19838.781 Executing VM operation: ChangeBreakpoints
Event: 19838.781 Executing VM operation: ChangeBreakpoints done
Event: 19838.801 Thread 0x0000000017d0e000 Thread exited: 0x0000000017d0e000


Dynamic libraries:
0x00007ff791110000 - 0x00007ff791147000 	C:\Program Files\Java\jre1.8.0_192\bin\javaw.exe
0x00007ffbd0610000 - 0x00007ffbd07eb000 	C:\WINDOWS\SYSTEM32\ntdll.dll
0x00007ffbd0420000 - 0x00007ffbd04ce000 	C:\WINDOWS\System32\KERNEL32.DLL
0x00007ffbcd530000 - 0x00007ffbcd77a000 	C:\WINDOWS\System32\KERNELBASE.dll
0x00007ffbd0020000 - 0x00007ffbd00c1000 	C:\WINDOWS\System32\ADVAPI32.dll
0x00007ffbd00d0000 - 0x00007ffbd016d000 	C:\WINDOWS\System32\msvcrt.dll
0x00007ffbce360000 - 0x00007ffbce3b9000 	C:\WINDOWS\System32\sechost.dll
0x00007ffbd0230000 - 0x00007ffbd0355000 	C:\WINDOWS\System32\RPCRT4.dll
0x00007ffbce160000 - 0x00007ffbce2aa000 	C:\WINDOWS\System32\USER32.dll
0x00007ffbcd510000 - 0x00007ffbcd52e000 	C:\WINDOWS\System32\win32u.dll
0x00007ffbd04d0000 - 0x00007ffbd04f7000 	C:\WINDOWS\System32\GDI32.dll
0x00007ffbcd7d0000 - 0x00007ffbcd958000 	C:\WINDOWS\System32\gdi32full.dll
0x00007ffbccba0000 - 0x00007ffbccc3a000 	C:\WINDOWS\System32\msvcp_win.dll
0x00007ffbcd960000 - 0x00007ffbcda56000 	C:\WINDOWS\System32\ucrtbase.dll
0x00007ffbc0d30000 - 0x00007ffbc0f97000 	C:\WINDOWS\WinSxS\amd64_microsoft.windows.common-controls_6595b64144ccf1df_6.0.15063.1155_none_40c7922129a7722b\COMCTL32.dll
0x00007ffbcfab0000 - 0x00007ffbcfda6000 	C:\WINDOWS\System32\combase.dll
0x00007ffbccb30000 - 0x00007ffbccb9a000 	C:\WINDOWS\System32\bcryptPrimitives.dll
0x00007ffbce640000 - 0x00007ffbce66d000 	C:\WINDOWS\System32\IMM32.DLL
0x00007ffbcc920000 - 0x00007ffbcc946000 	C:\WINDOWS\system32\vmwsci.dll
0x000000005a110000 - 0x000000005a1e1000 	C:\Program Files\Java\jre1.8.0_192\bin\msvcr100.dll
0x000000005a2d0000 - 0x000000005ab73000 	C:\Program Files\Java\jre1.8.0_192\bin\server\jvm.dll
0x00007ffbd0360000 - 0x00007ffbd0368000 	C:\WINDOWS\System32\PSAPI.DLL
0x00007ffbcbdc0000 - 0x00007ffbcbdca000 	C:\WINDOWS\SYSTEM32\VERSION.dll
0x00007ffbc9940000 - 0x00007ffbc9963000 	C:\WINDOWS\SYSTEM32\WINMM.dll
0x00007ffbbf470000 - 0x00007ffbbf479000 	C:\WINDOWS\SYSTEM32\WSOCK32.dll
0x00007ffbc98e0000 - 0x00007ffbc990b000 	C:\WINDOWS\SYSTEM32\winmmbase.dll
0x00007ffbce5d0000 - 0x00007ffbce63c000 	C:\WINDOWS\System32\WS2_32.dll
0x00007ffbcd780000 - 0x00007ffbcd7c9000 	C:\WINDOWS\System32\cfgmgr32.dll
0x00007ffbbf8c0000 - 0x00007ffbbf8cf000 	C:\Program Files\Java\jre1.8.0_192\bin\verify.dll
0x00007ffbbf890000 - 0x00007ffbbf8b9000 	C:\Program Files\Java\jre1.8.0_192\bin\java.dll
0x00007ffba7cf0000 - 0x00007ffba7d25000 	C:\Program Files\Java\jre1.8.0_192\bin\jdwp.dll
0x00007ffbb80d0000 - 0x00007ffbb80d8000 	C:\Program Files\Java\jre1.8.0_192\bin\npt.dll
0x00007ffbb3730000 - 0x00007ffbb3746000 	C:\Program Files\Java\jre1.8.0_192\bin\zip.dll
0x00007ffbce670000 - 0x00007ffbcfaa8000 	C:\WINDOWS\System32\SHELL32.dll
0x00007ffbd0370000 - 0x00007ffbd041a000 	C:\WINDOWS\System32\shcore.dll
0x00007ffbccc40000 - 0x00007ffbcd331000 	C:\WINDOWS\System32\windows.storage.dll
0x00007ffbce100000 - 0x00007ffbce151000 	C:\WINDOWS\System32\shlwapi.dll
0x00007ffbccaa0000 - 0x00007ffbccab1000 	C:\WINDOWS\System32\kernel.appcore.dll
0x00007ffbccae0000 - 0x00007ffbccb2c000 	C:\WINDOWS\System32\powrprof.dll
0x00007ffbccac0000 - 0x00007ffbccad5000 	C:\WINDOWS\System32\profapi.dll
0x00007ffbb80c0000 - 0x00007ffbb80c9000 	C:\Program Files\Java\jre1.8.0_192\bin\dt_socket.dll
0x00007ffbc2180000 - 0x00007ffbc2196000 	C:\WINDOWS\system32\napinsp.dll
0x00007ffbc2160000 - 0x00007ffbc217a000 	C:\WINDOWS\system32\pnrpnsp.dll
0x00007ffbc9640000 - 0x00007ffbc9658000 	C:\WINDOWS\system32\NLAapi.dll
0x00007ffbcc360000 - 0x00007ffbcc3bc000 	C:\WINDOWS\System32\mswsock.dll
0x00007ffbcc140000 - 0x00007ffbcc1e4000 	C:\WINDOWS\SYSTEM32\DNSAPI.dll
0x00007ffbce2b0000 - 0x00007ffbce2b8000 	C:\WINDOWS\System32\NSI.dll
0x00007ffbcc100000 - 0x00007ffbcc137000 	C:\WINDOWS\SYSTEM32\IPHLPAPI.DLL
0x00007ffbc21a0000 - 0x00007ffbc21ae000 	C:\WINDOWS\System32\winrnr.dll
0x00007ffbc7640000 - 0x00007ffbc76ab000 	C:\WINDOWS\System32\fwpuclnt.dll
0x00007ffbcc950000 - 0x00007ffbcc975000 	C:\WINDOWS\SYSTEM32\bcrypt.dll
0x00007ffbc6340000 - 0x00007ffbc634a000 	C:\Windows\System32\rasadhlp.dll
0x00007ffbb3710000 - 0x00007ffbb372a000 	C:\Program Files\Java\jre1.8.0_192\bin\net.dll
0x00007ffbcc510000 - 0x00007ffbcc527000 	C:\WINDOWS\SYSTEM32\CRYPTSP.dll
0x00007ffbcbf80000 - 0x00007ffbcbfb4000 	C:\WINDOWS\system32\rsaenh.dll
0x00007ffbcc9b0000 - 0x00007ffbcc9d9000 	C:\WINDOWS\SYSTEM32\USERENV.dll
0x00007ffbcc500000 - 0x00007ffbcc50b000 	C:\WINDOWS\SYSTEM32\CRYPTBASE.dll
0x00007ffbc8010000 - 0x00007ffbc8026000 	C:\WINDOWS\SYSTEM32\dhcpcsvc6.DLL
0x00007ffbc7ff0000 - 0x00007ffbc800a000 	C:\WINDOWS\SYSTEM32\dhcpcsvc.DLL
0x00007ffbb36f0000 - 0x00007ffbb3701000 	C:\Program Files\Java\jre1.8.0_192\bin\nio.dll
0x00007ffb89100000 - 0x00007ffb89124000 	C:\Program Files\Java\jre1.8.0_192\bin\sunec.dll
0x00007ffbc3280000 - 0x00007ffbc3429000 	C:\WINDOWS\SYSTEM32\dbghelp.dll

VM Arguments:
jvm_args: -agentlib:jdwp=transport=dt_socket,suspend=y,address=localhost:65171 -ea -Dfile.encoding=Cp1252 
java_command: org.testng.remote.RemoteTestNG -serport 65170 -protocol json -d C:\Users\rsingh3\Desktop\Selenium\carmensol\test-output C:\Users\rsingh3\Desktop\Selenium\carmensol\testng.xml
java_class_path (initial): C:\Users\rsingh3\eclipse\java-2018-09\eclipse\configuration\org.eclipse.osgi\527\0\.cp\lib\testng-remote.jar;C:\Users\rsingh3\Desktop\Selenium\carmensol\target\test-classes;C:\Users\rsingh3\Desktop\Selenium\carmensol\target\classes;C:\Users\rsingh3\.p2\pool\plugins\org.testng_6.14.2.r201802161450.jar;C:\Users\rsingh3\.p2\pool\plugins\com.beust.jcommander_1.72.0.jar;C:\Users\rsingh3\.p2\pool\plugins\org.apache-extras.beanshell.bsh_2.0.0.b6.jar;C:\Users\rsingh3\.p2\pool\plugins\org.yaml.snakeyaml_1.17.0.jar;C:\Users\rsingh3\.m2\repository\com\codeborne\selenide\5.0.1\selenide-5.0.1.jar;C:\Users\rsingh3\.m2\repository\io\github\bonigarcia\webdrivermanager\3.0.0\webdrivermanager-3.0.0.jar;C:\Users\rsingh3\.m2\repository\org\apache\commons\commons-lang3\3.7\commons-lang3-3.7.jar;C:\Users\rsingh3\.m2\repository\org\rauschig\jarchivelib\0.8.0\jarchivelib-0.8.0.jar;C:\Users\rsingh3\.m2\repository\org\apache\commons\commons-compress\1.14\commons-compress-1.14.jar;C:\Users\rsingh3\.m2\repository\org\jsoup\jsoup\1.11.3\jsoup-1.11.3.jar;C:\Users\rsingh3\.m2\repository\net\lightbody\bmp\browsermob-core\2.1.5\browsermob-core-2.1.5.jar;C:\Users\rsingh3\.m2\repository\net\lightbody\bmp\littleproxy\1.1.0-beta-bmp-17\littleproxy-1.1.0-beta-bmp-17.jar;C:\Users\rsingh3\.m2\repository\com\fasterxml\jackson\core\jackson-core\2.8.9\jackson-core-2.8.9.jar;C:\Users\rsingh3\.m2\repository\com\fasterxml\jackson\core\jackson-databind\2.8.9\jackson-databind-2.8.9.jar;C:\Users\rsingh3\.m2\repository\com\fasterxml\jackson\core\jackson-annotations\2.8.9\jackson-annotations-2.8.9.jar;C:\Users\rsingh3\.m2\repository\dnsjava\dnsjava\2.1.8\dnsjava-2.1.8.jar;C:\Users\rsingh3\.m2\repository\org\slf4j\jcl-over-slf4j\1.7.25\jcl-over-slf4j-1.7.25.jar;C:\Users\rsingh3\.m2\repository\com\jcraft\jzlib\1.1.3\jzlib-1.1.3.jar;C:\Users\rsingh3\.m2\repository\io\netty\netty-all\4.0.51.Final\netty-all-4.0.51.Final.jar;C:\Users\rsingh3\.m2\repository\org\bouncycastle\bcprov-jdk15on\1.58\
Launcher Type: SUN_STANDARD

Environment Variables:
PATH=C:/Program Files/Java/jre1.8.0_192/bin/server;C:/Program Files/Java/jre1.8.0_192/bin;C:/Program Files/Java/jre1.8.0_192/lib/amd64;C:\Program Files (x86)\Common Files\Oracle\Java\javapath;C:\Program Files\Microsoft MPI\Bin\;C:\ora11g\64bit\HOME;C:\ora11g\product\11.2.0\client_1\bin;C:\WINDOWS\system32;C:\WINDOWS;C:\WINDOWS\System32\Wbem;C:\WINDOWS\System32\WindowsPowerShell\v1.0\;C:\Program Files\Common Files\ThinPrint\;C:\Program Files\dotnet\;C:\Program Files\Microsoft SQL Server\130\Tools\Binn\;C:\Program Files (x86)\Xoreax\IncrediBuild;C:\Program Files (x86)\Microsoft SQL Server\Client SDK\ODBC\130\Tools\Binn\;C:\Program Files (x86)\Microsoft SQL Server\140\Tools\Binn\;C:\Program Files (x86)\Microsoft SQL Server\140\DTS\Binn\;C:\Program Files (x86)\Microsoft SQL Server\140\Tools\Binn\ManagementStudio\;C:\Program Files\apache-maven-3.6.0-bin\apache-maven-3.6.0\bin;N:\;Z:\;Y:\;Z:\WPCDLLS;C:\Users\rsingh3\Desktop;
USERNAME=rsingh3
OS=Windows_NT
PROCESSOR_IDENTIFIER=Intel64 Family 6 Model 15 Stepping 1, GenuineIntel



---------------  S Y S T E M  ---------------

OS: Windows 10.0 , 64 bit Build 15063 (10.0.15063.1058)

CPU:total 4 (initial active 4) (2 cores per cpu, 1 threads per core) family 6 model 15 stepping 1, cmov, cx8, fxsr, mmx, sse, sse2, sse3, ssse3, tsc, tscinvbit

Memory: 4k page, physical 8388148k(5204668k free), swap 13236696k(6871924k free)

vm_info: Java HotSpot(TM) 64-Bit Server VM (25.192-b12) for windows-amd64 JRE (1.8.0_192-b12), built on Oct  6 2018 17:12:23 by "java_re" with MS VC++ 10.0 (VS2010)

time: Fri Jan 04 00:14:49 2019
timezone: India Standard Time
elapsed time: 19838 seconds (0d 5h 30m 38s)

