#
# A fatal error has been detected by the Java Runtime Environment:
#
#  Internal Error (javaCalls.cpp:51), pid=8148, tid=0x0000000000002390
#  guarantee(thread->is_Java_thread()) failed: crucial check - the VM thread cannot and must not escape to Java code
#
# JRE version: Java(TM) SE Runtime Environment (8.0_192-b12) (build 1.8.0_192-b12)
# Java VM: Java HotSpot(TM) 64-Bit Server VM (25.192-b12 mixed mode windows-amd64 compressed oops)
# Failed to write core dump. Minidumps are not enabled by default on client versions of Windows
#
# If you would like to submit a bug report, please visit:
#   http://bugreport.java.com/bugreport/crash.jsp
#

---------------  T H R E A D  ---------------

Current thread (0x0000000017948000):  VMThread [stack: 0x00000000189e0000,0x0000000018ae0000] [id=9104]

Stack: [0x00000000189e0000,0x0000000018ae0000]
[error occurred during error reporting (printing stack bounds), id 0xc0000005]

Native frames: (J=compiled Java code, j=interpreted, Vv=VM code, C=native code)

VM_Operation (0x000000001940f4f0): GetOrSetLocal, mode: safepoint, requested by thread 0x000000001798d000


---------------  P R O C E S S  ---------------

Java Threads: ( => current thread )
  0x000000001a6b8000 JavaThread "Exec Stream Pumper" daemon [_thread_in_native, id=9496, stack(0x000000001c1e0000,0x000000001c2e0000)]
  0x000000001a6b6000 JavaThread "Exec Stream Pumper" daemon [_thread_in_native, id=8768, stack(0x000000001c0e0000,0x000000001c1e0000)]
  0x000000001a6b1000 JavaThread "Exec Default Executor" daemon [_thread_in_native, id=6544, stack(0x000000001bee0000,0x000000001bfe0000)]
  0x000000001a302000 JavaThread "ReaderThread" [_thread_in_native, id=10804, stack(0x000000001a810000,0x000000001a910000)]
  0x00000000179b6800 JavaThread "Service Thread" daemon [_thread_blocked, id=8576, stack(0x0000000019d10000,0x0000000019e10000)]
  0x00000000179dd000 JavaThread "C1 CompilerThread2" daemon [_thread_blocked, id=11540, stack(0x0000000019c10000,0x0000000019d10000)]
  0x00000000179dc000 JavaThread "C2 CompilerThread1" daemon [_thread_blocked, id=9600, stack(0x0000000019b10000,0x0000000019c10000)]
  0x00000000179cf000 JavaThread "C2 CompilerThread0" daemon [_thread_blocked, id=8016, stack(0x0000000019610000,0x0000000019710000)]
  0x00000000179a0000 JavaThread "JDWP Command Reader" daemon [_thread_in_native, id=6932, stack(0x0000000019510000,0x0000000019610000)]
  0x000000001799f000 JavaThread "JDWP Event Helper Thread" daemon [_thread_blocked, id=7952, stack(0x0000000019410000,0x0000000019510000)]
  0x000000001798d000 JavaThread "JDWP Transport Listener: dt_socket" daemon [_thread_blocked, id=8692, stack(0x0000000019310000,0x0000000019410000)]
  0x0000000017983000 JavaThread "Attach Listener" daemon [_thread_blocked, id=944, stack(0x0000000018ed0000,0x0000000018fd0000)]
  0x0000000017981800 JavaThread "Signal Dispatcher" daemon [_thread_blocked, id=3256, stack(0x0000000018dd0000,0x0000000018ed0000)]
  0x000000001796f800 JavaThread "Finalizer" daemon [_thread_blocked, id=9160, stack(0x0000000018be0000,0x0000000018ce0000)]
  0x0000000002d57000 JavaThread "Reference Handler" daemon [_thread_blocked, id=11332, stack(0x0000000018ae0000,0x0000000018be0000)]
  0x0000000002c66800 JavaThread "main" [_thread_blocked, id=7268, stack(0x0000000002ac0000,0x0000000002bc0000)]

Other Threads:
=>0x0000000017948000 VMThread [stack: 0x00000000189e0000,0x0000000018ae0000] [id=9104]
  0x000000001980c800 WatcherThread [stack: 0x0000000019e10000,0x0000000019f10000] [id=10228]

VM state:at safepoint (normal execution)

VM Mutex/Monitor currently owned by a thread:  ([mutex/lock_event])
[0x0000000002c64090] Threads_lock - owner thread: 0x0000000017948000

heap address: 0x0000000080000000, size: 2048 MB, Compressed Oops mode: 32-bit
Narrow klass base: 0x0000000000000000, Narrow klass shift: 3
Compressed class space size: 1073741824 Address: 0x0000000100000000

Heap:
 PSYoungGen      total 38400K, used 23874K [0x00000000d5580000, 0x00000000d8000000, 0x0000000100000000)
  eden space 33280K, 71% used [0x00000000d5580000,0x00000000d6cd0a70,0x00000000d7600000)
  from space 5120K, 0% used [0x00000000d7600000,0x00000000d7600000,0x00000000d7b00000)
  to   space 5120K, 0% used [0x00000000d7b00000,0x00000000d7b00000,0x00000000d8000000)
 ParOldGen       total 45056K, used 7846K [0x0000000080000000, 0x0000000082c00000, 0x00000000d5580000)
  object space 45056K, 17% used [0x0000000080000000,0x00000000807a9b00,0x0000000082c00000)
 Metaspace       used 24952K, capacity 25404K, committed 25600K, reserved 1071104K
  class space    used 3099K, capacity 3264K, committed 3328K, reserved 1048576K

Card table byte_map: [0x0000000012120000,0x0000000012530000] byte_map_base: 0x0000000011d20000

Marking Bits: (ParMarkBitMap*) 0x0000000052ce3ce0
 Begin Bits: [0x0000000012be0000, 0x0000000014be0000)
 End Bits:   [0x0000000014be0000, 0x0000000016be0000)

Polling page: 0x0000000002a30000

CodeCache: size=245760Kb used=6625Kb max_used=6625Kb free=239134Kb
 bounds [0x0000000002d60000, 0x00000000033e0000, 0x0000000011d60000]
 total_blobs=2457 nmethods=1999 adapters=379
 compilation: enabled

Compilation events (10 events):
Event: 7.139 Thread 0x00000000179dd000 2009       3       oracle.jdbc.driver.T4CSocketInputStreamWrapper::read (61 bytes)
Event: 7.139 Thread 0x00000000179dd000 nmethod 2009 0x00000000033d7dd0 code [0x00000000033d7f40, 0x00000000033d8208]
Event: 7.143 Thread 0x00000000179dd000 2010       3       java.util.Calendar::internalGet (7 bytes)
Event: 7.143 Thread 0x00000000179dd000 nmethod 2010 0x00000000033d8310 code [0x00000000033d8460, 0x00000000033d85d0]
Event: 7.145 Thread 0x00000000179dd000 2011  s    3       java.lang.StringBuffer::toString (36 bytes)
Event: 7.146 Thread 0x00000000179dd000 nmethod 2011 0x00000000033d86d0 code [0x00000000033d8860, 0x00000000033d8d08]
Event: 7.250 Thread 0x00000000179dd000 2012       3       oracle.jdbc.driver.T4CSocketInputStreamWrapper::readB1 (5 bytes)
Event: 7.250 Thread 0x00000000179dd000 nmethod 2012 0x00000000033daa10 code [0x00000000033dab80, 0x00000000033dad88]
Event: 7.256 Thread 0x00000000179dd000 2013       3       java.nio.ByteBuffer::array (35 bytes)
Event: 7.256 Thread 0x00000000179dd000 nmethod 2013 0x00000000033dae10 code [0x00000000033dafa0, 0x00000000033db2d8]

GC Heap History (8 events):
Event: 1.216 GC heap before
{Heap before GC invocations=1 (full 0):
 PSYoungGen      total 38400K, used 33280K [0x00000000d5580000, 0x00000000d8000000, 0x0000000100000000)
  eden space 33280K, 100% used [0x00000000d5580000,0x00000000d7600000,0x00000000d7600000)
  from space 5120K, 0% used [0x00000000d7b00000,0x00000000d7b00000,0x00000000d8000000)
  to   space 5120K, 0% used [0x00000000d7600000,0x00000000d7600000,0x00000000d7b00000)
 ParOldGen       total 87552K, used 0K [0x0000000080000000, 0x0000000085580000, 0x00000000d5580000)
  object space 87552K, 0% used [0x0000000080000000,0x0000000080000000,0x0000000085580000)
 Metaspace       used 11554K, capacity 11710K, committed 12032K, reserved 1060864K
  class space    used 1384K, capacity 1453K, committed 1536K, reserved 1048576K
Event: 1.222 GC heap after
Heap after GC invocations=1 (full 0):
 PSYoungGen      total 38400K, used 5094K [0x00000000d5580000, 0x00000000d8000000, 0x0000000100000000)
  eden space 33280K, 0% used [0x00000000d5580000,0x00000000d5580000,0x00000000d7600000)
  from space 5120K, 99% used [0x00000000d7600000,0x00000000d7af9b38,0x00000000d7b00000)
  to   space 5120K, 0% used [0x00000000d7b00000,0x00000000d7b00000,0x00000000d8000000)
 ParOldGen       total 87552K, used 502K [0x0000000080000000, 0x0000000085580000, 0x00000000d5580000)
  object space 87552K, 0% used [0x0000000080000000,0x000000008007dac8,0x0000000085580000)
 Metaspace       used 11554K, capacity 11710K, committed 12032K, reserved 1060864K
  class space    used 1384K, capacity 1453K, committed 1536K, reserved 1048576K
}
Event: 2.264 GC heap before
{Heap before GC invocations=2 (full 0):
 PSYoungGen      total 38400K, used 38374K [0x00000000d5580000, 0x00000000d8000000, 0x0000000100000000)
  eden space 33280K, 100% used [0x00000000d5580000,0x00000000d7600000,0x00000000d7600000)
  from space 5120K, 99% used [0x00000000d7600000,0x00000000d7af9b38,0x00000000d7b00000)
  to   space 5120K, 0% used [0x00000000d7b00000,0x00000000d7b00000,0x00000000d8000000)
 ParOldGen       total 87552K, used 502K [0x0000000080000000, 0x0000000085580000, 0x00000000d5580000)
  object space 87552K, 0% used [0x0000000080000000,0x000000008007dac8,0x0000000085580000)
 Metaspace       used 16103K, capacity 16372K, committed 16512K, reserved 1062912K
  class space    used 2007K, capacity 2124K, committed 2176K, reserved 1048576K
Event: 2.270 GC heap after
Heap after GC invocations=2 (full 0):
 PSYoungGen      total 38400K, used 5088K [0x00000000d5580000, 0x00000000d8000000, 0x0000000100000000)
  eden space 33280K, 0% used [0x00000000d5580000,0x00000000d5580000,0x00000000d7600000)
  from space 5120K, 99% used [0x00000000d7b00000,0x00000000d7ff8398,0x00000000d8000000)
  to   space 5120K, 0% used [0x00000000d7600000,0x00000000d7600000,0x00000000d7b00000)
 ParOldGen       total 87552K, used 2783K [0x0000000080000000, 0x0000000085580000, 0x00000000d5580000)
  object space 87552K, 3% used [0x0000000080000000,0x00000000802b7f10,0x0000000085580000)
 Metaspace       used 16103K, capacity 16372K, committed 16512K, reserved 1062912K
  class space    used 2007K, capacity 2124K, committed 2176K, reserved 1048576K
}
Event: 6.880 GC heap before
{Heap before GC invocations=3 (full 0):
 PSYoungGen      total 38400K, used 30345K [0x00000000d5580000, 0x00000000d8000000, 0x0000000100000000)
  eden space 33280K, 75% used [0x00000000d5580000,0x00000000d6e2a0b0,0x00000000d7600000)
  from space 5120K, 99% used [0x00000000d7b00000,0x00000000d7ff8398,0x00000000d8000000)
  to   space 5120K, 0% used [0x00000000d7600000,0x00000000d7600000,0x00000000d7b00000)
 ParOldGen       total 87552K, used 2783K [0x0000000080000000, 0x0000000085580000, 0x00000000d5580000)
  object space 87552K, 3% used [0x0000000080000000,0x00000000802b7f10,0x0000000085580000)
 Metaspace       used 20751K, capacity 21096K, committed 21248K, reserved 1067008K
  class space    used 2601K, capacity 2746K, committed 2816K, reserved 1048576K
Event: 6.888 GC heap after
Heap after GC invocations=3 (full 0):
 PSYoungGen      total 38400K, used 5113K [0x00000000d5580000, 0x00000000d8000000, 0x0000000100000000)
  eden space 33280K, 0% used [0x00000000d5580000,0x00000000d5580000,0x00000000d7600000)
  from space 5120K, 99% used [0x00000000d7600000,0x00000000d7afe5d0,0x00000000d7b00000)
  to   space 5120K, 0% used [0x00000000d7b00000,0x00000000d7b00000,0x00000000d8000000)
 ParOldGen       total 87552K, used 5597K [0x0000000080000000, 0x0000000085580000, 0x00000000d5580000)
  object space 87552K, 6% used [0x0000000080000000,0x00000000805774d8,0x0000000085580000)
 Metaspace       used 20751K, capacity 21096K, committed 21248K, reserved 1067008K
  class space    used 2601K, capacity 2746K, committed 2816K, reserved 1048576K
}
Event: 6.888 GC heap before
{Heap before GC invocations=4 (full 1):
 PSYoungGen      total 38400K, used 5113K [0x00000000d5580000, 0x00000000d8000000, 0x0000000100000000)
  eden space 33280K, 0% used [0x00000000d5580000,0x00000000d5580000,0x00000000d7600000)
  from space 5120K, 99% used [0x00000000d7600000,0x00000000d7afe5d0,0x00000000d7b00000)
  to   space 5120K, 0% used [0x00000000d7b00000,0x00000000d7b00000,0x00000000d8000000)
 ParOldGen       total 87552K, used 5597K [0x0000000080000000, 0x0000000085580000, 0x00000000d5580000)
  object space 87552K, 6% used [0x0000000080000000,0x00000000805774d8,0x0000000085580000)
 Metaspace       used 20751K, capacity 21096K, committed 21248K, reserved 1067008K
  class space    used 2601K, capacity 2746K, committed 2816K, reserved 1048576K
Event: 6.928 GC heap after
Heap after GC invocations=4 (full 1):
 PSYoungGen      total 38400K, used 0K [0x00000000d5580000, 0x00000000d8000000, 0x0000000100000000)
  eden space 33280K, 0% used [0x00000000d5580000,0x00000000d5580000,0x00000000d7600000)
  from space 5120K, 0% used [0x00000000d7600000,0x00000000d7600000,0x00000000d7b00000)
  to   space 5120K, 0% used [0x00000000d7b00000,0x00000000d7b00000,0x00000000d8000000)
 ParOldGen       total 45056K, used 7846K [0x0000000080000000, 0x0000000082c00000, 0x00000000d5580000)
  object space 45056K, 17% used [0x0000000080000000,0x00000000807a9b00,0x0000000082c00000)
 Metaspace       used 20751K, capacity 21096K, committed 21248K, reserved 1067008K
  class space    used 2601K, capacity 2746K, committed 2816K, reserved 1048576K
}

Deoptimization events (10 events):
Event: 6.810 Thread 0x0000000002c66800 Uncommon trap: reason=range_check action=none pc=0x000000000308de1c method=sun.reflect.generics.parser.SignatureParser.current()C @ 34
Event: 6.816 Thread 0x0000000002c66800 Uncommon trap: reason=range_check action=none pc=0x000000000308de1c method=sun.reflect.generics.parser.SignatureParser.current()C @ 34
Event: 6.816 Thread 0x0000000002c66800 Uncommon trap: reason=range_check action=none pc=0x000000000308de1c method=sun.reflect.generics.parser.SignatureParser.current()C @ 34
Event: 6.822 Thread 0x0000000002c66800 Uncommon trap: reason=range_check action=none pc=0x000000000308de1c method=sun.reflect.generics.parser.SignatureParser.current()C @ 34
Event: 6.825 Thread 0x0000000002c66800 Uncommon trap: reason=range_check action=none pc=0x000000000308de1c method=sun.reflect.generics.parser.SignatureParser.current()C @ 34
Event: 6.842 Thread 0x0000000002c66800 Uncommon trap: reason=unstable_if action=reinterpret pc=0x000000000339b258 method=java.io.BufferedReader.read()I @ 19
Event: 6.843 Thread 0x0000000002c66800 Uncommon trap: reason=predicate action=maybe_recompile pc=0x00000000031ee350 method=java.lang.String.regionMatches(ZILjava/lang/String;II)Z @ 63
Event: 6.984 Thread 0x0000000002c66800 Uncommon trap: reason=unstable_if action=reinterpret pc=0x0000000002fda71c method=java.util.HashMap.hash(Ljava/lang/Object;)I @ 1
Event: 6.985 Thread 0x0000000002c66800 Uncommon trap: reason=unstable_if action=reinterpret pc=0x00000000031035b0 method=java.util.HashMap.hash(Ljava/lang/Object;)I @ 1
Event: 7.027 Thread 0x0000000002c66800 Uncommon trap: reason=unstable_if action=reinterpret pc=0x00000000033a5d74 method=java.lang.StringBuffer.toString()Ljava/lang/String; @ 4

Classes redefined (10 events):
Event: 739.780 Thread 0x0000000017948000 redefined class name=com.carmensol.SubBrokerAgent_34, count=4
Event: 831.402 Thread 0x0000000017948000 redefined class name=com.carmensol.SubBrokerAgent_34, count=5
Event: 909.819 Thread 0x0000000017948000 redefined class name=com.carmensol.SubBrokerAgent_34, count=6
Event: 1279.945 Thread 0x0000000017948000 redefined class name=com.carmensol.SubBrokerAgent_34, count=7
Event: 1688.048 Thread 0x0000000017948000 redefined class name=com.carmensol.SubBrokerAgent_34, count=8
Event: 1793.962 Thread 0x0000000017948000 redefined class name=com.carmensol.SubBrokerAgent_34, count=9
Event: 1813.655 Thread 0x0000000017948000 redefined class name=com.carmensol.SubBrokerAgent_34, count=10
Event: 1985.059 Thread 0x0000000017948000 redefined class name=com.carmensol.SubBrokerAgent_34, count=11
Event: 2134.378 Thread 0x0000000017948000 redefined class name=com.carmensol.SubBrokerAgent_34, count=12
Event: 2141.839 Thread 0x0000000017948000 redefined class name=com.carmensol.SubBrokerAgent_34, count=13

Internal exceptions (10 events):
Event: 6.755 Thread 0x0000000002c66800 Exception <a 'java/net/SocketTimeoutException': Read timed out> (0x00000000d688c468) thrown at [C:\workspace\8-2-build-windows-amd64-cygwin\jdk8u192\11897\hotspot\src\share\vm\prims\jni.cpp, line 735]
Event: 6.777 Thread 0x0000000002c66800 Implicit null exception at 0x0000000002f7ae99 to 0x0000000002f7b371
Event: 6.809 Thread 0x0000000002c66800 Exception <a 'java/lang/ArrayIndexOutOfBoundsException': 71> (0x00000000d6a168f8) thrown at [C:\workspace\8-2-build-windows-amd64-cygwin\jdk8u192\11897\hotspot\src\share\vm\interpreter\interpreterRuntime.cpp, line 368]
Event: 6.810 Thread 0x0000000002c66800 Exception <a 'java/lang/ArrayIndexOutOfBoundsException': 71> (0x00000000d6a18318) thrown at [C:\workspace\8-2-build-windows-amd64-cygwin\jdk8u192\11897\hotspot\src\share\vm\interpreter\interpreterRuntime.cpp, line 368]
Event: 6.816 Thread 0x0000000002c66800 Exception <a 'java/lang/ArrayIndexOutOfBoundsException': 38> (0x00000000d6a3e628) thrown at [C:\workspace\8-2-build-windows-amd64-cygwin\jdk8u192\11897\hotspot\src\share\vm\interpreter\interpreterRuntime.cpp, line 368]
Event: 6.817 Thread 0x0000000002c66800 Exception <a 'java/lang/ArrayIndexOutOfBoundsException': 55> (0x00000000d6a400a8) thrown at [C:\workspace\8-2-build-windows-amd64-cygwin\jdk8u192\11897\hotspot\src\share\vm\interpreter\interpreterRuntime.cpp, line 368]
Event: 6.822 Thread 0x0000000002c66800 Exception <a 'java/lang/ArrayIndexOutOfBoundsException': 38> (0x00000000d6a65fc8) thrown at [C:\workspace\8-2-build-windows-amd64-cygwin\jdk8u192\11897\hotspot\src\share\vm\interpreter\interpreterRuntime.cpp, line 368]
Event: 6.825 Thread 0x0000000002c66800 Exception <a 'java/lang/ArrayIndexOutOfBoundsException': 49> (0x00000000d6a74028) thrown at [C:\workspace\8-2-build-windows-amd64-cygwin\jdk8u192\11897\hotspot\src\share\vm\interpreter\interpreterRuntime.cpp, line 368]
Event: 6.984 Thread 0x0000000002c66800 Implicit null exception at 0x0000000002fda494 to 0x0000000002fda705
Event: 6.985 Thread 0x0000000002c66800 Implicit null exception at 0x000000000310307a to 0x00000000031035a1

Events (10 events):
Event: 24557.793 Executing VM operation: GetOwnedMonitorInfo done
Event: 24580.226 Executing VM operation: GetCurrentContendedMonitor
Event: 24580.226 Executing VM operation: GetCurrentContendedMonitor done
Event: 24580.227 Executing VM operation: GetOwnedMonitorInfo
Event: 24580.227 Executing VM operation: GetOwnedMonitorInfo done
Event: 24581.202 Executing VM operation: GetOwnedMonitorInfo
Event: 24581.202 Executing VM operation: GetOwnedMonitorInfo done
Event: 24581.203 Executing VM operation: GetCurrentContendedMonitor
Event: 24581.203 Executing VM operation: GetCurrentContendedMonitor done
Event: 24581.210 Executing VM operation: GetOrSetLocal


Dynamic libraries:
0x00007ff7715c0000 - 0x00007ff7715f7000 	C:\Program Files\Java\jre1.8.0_192\bin\javaw.exe
0x00007ffb4fb30000 - 0x00007ffb4fd0b000 	C:\WINDOWS\SYSTEM32\ntdll.dll
0x00007ffb4d140000 - 0x00007ffb4d1ee000 	C:\WINDOWS\System32\KERNEL32.DLL
0x00007ffb4cc20000 - 0x00007ffb4ce6a000 	C:\WINDOWS\System32\KERNELBASE.dll
0x00007ffb4d090000 - 0x00007ffb4d131000 	C:\WINDOWS\System32\ADVAPI32.dll
0x00007ffb4eea0000 - 0x00007ffb4ef3d000 	C:\WINDOWS\System32\msvcrt.dll
0x00007ffb4f7b0000 - 0x00007ffb4f809000 	C:\WINDOWS\System32\sechost.dll
0x00007ffb4f1b0000 - 0x00007ffb4f2d5000 	C:\WINDOWS\System32\RPCRT4.dll
0x00007ffb4f810000 - 0x00007ffb4f95a000 	C:\WINDOWS\System32\USER32.dll
0x00007ffb4ce70000 - 0x00007ffb4ce8e000 	C:\WINDOWS\System32\win32u.dll
0x00007ffb4f780000 - 0x00007ffb4f7a7000 	C:\WINDOWS\System32\GDI32.dll
0x00007ffb4c8c0000 - 0x00007ffb4ca48000 	C:\WINDOWS\System32\gdi32full.dll
0x00007ffb4c050000 - 0x00007ffb4c0ea000 	C:\WINDOWS\System32\msvcp_win.dll
0x00007ffb4cf90000 - 0x00007ffb4d086000 	C:\WINDOWS\System32\ucrtbase.dll
0x00007ffb3ee40000 - 0x00007ffb3f0a7000 	C:\WINDOWS\WinSxS\amd64_microsoft.windows.common-controls_6595b64144ccf1df_6.0.15063.1155_none_40c7922129a7722b\COMCTL32.dll
0x00007ffb4f480000 - 0x00007ffb4f776000 	C:\WINDOWS\System32\combase.dll
0x00007ffb4c150000 - 0x00007ffb4c1ba000 	C:\WINDOWS\System32\bcryptPrimitives.dll
0x00007ffb4ed00000 - 0x00007ffb4ed2d000 	C:\WINDOWS\System32\IMM32.DLL
0x00007ffb4be40000 - 0x00007ffb4be66000 	C:\WINDOWS\system32\vmwsci.dll
0x0000000051090000 - 0x0000000051161000 	C:\Program Files\Java\jre1.8.0_192\bin\msvcr100.dll
0x00000000524c0000 - 0x0000000052d63000 	C:\Program Files\Java\jre1.8.0_192\bin\server\jvm.dll
0x00007ffb4d260000 - 0x00007ffb4d268000 	C:\WINDOWS\System32\PSAPI.DLL
0x00007ffb4b270000 - 0x00007ffb4b27a000 	C:\WINDOWS\SYSTEM32\VERSION.dll
0x00007ffb4a4a0000 - 0x00007ffb4a4c3000 	C:\WINDOWS\SYSTEM32\WINMM.dll
0x00007ffb3f480000 - 0x00007ffb3f489000 	C:\WINDOWS\SYSTEM32\WSOCK32.dll
0x00007ffb4d1f0000 - 0x00007ffb4d25c000 	C:\WINDOWS\System32\WS2_32.dll
0x00007ffb4a440000 - 0x00007ffb4a46b000 	C:\WINDOWS\SYSTEM32\WINMMBASE.dll
0x00007ffb4ce90000 - 0x00007ffb4ced9000 	C:\WINDOWS\System32\cfgmgr32.dll
0x00007ffb48fd0000 - 0x00007ffb48fdf000 	C:\Program Files\Java\jre1.8.0_192\bin\verify.dll
0x00007ffb2cd60000 - 0x00007ffb2cd89000 	C:\Program Files\Java\jre1.8.0_192\bin\java.dll
0x00007ffb2c140000 - 0x00007ffb2c175000 	C:\Program Files\Java\jre1.8.0_192\bin\jdwp.dll
0x00007ffb46870000 - 0x00007ffb46878000 	C:\Program Files\Java\jre1.8.0_192\bin\npt.dll
0x00007ffb48740000 - 0x00007ffb48756000 	C:\Program Files\Java\jre1.8.0_192\bin\zip.dll
0x00007ffb4d370000 - 0x00007ffb4e7a8000 	C:\WINDOWS\System32\SHELL32.dll
0x00007ffb4ec50000 - 0x00007ffb4ecfa000 	C:\WINDOWS\System32\shcore.dll
0x00007ffb4c1c0000 - 0x00007ffb4c8b1000 	C:\WINDOWS\System32\windows.storage.dll
0x00007ffb4d310000 - 0x00007ffb4d361000 	C:\WINDOWS\System32\shlwapi.dll
0x00007ffb4bfa0000 - 0x00007ffb4bfb1000 	C:\WINDOWS\System32\kernel.appcore.dll
0x00007ffb4bfe0000 - 0x00007ffb4c02c000 	C:\WINDOWS\System32\powrprof.dll
0x00007ffb4c030000 - 0x00007ffb4c045000 	C:\WINDOWS\System32\profapi.dll
0x00007ffb40260000 - 0x00007ffb40269000 	C:\Program Files\Java\jre1.8.0_192\bin\dt_socket.dll
0x00007ffb434c0000 - 0x00007ffb434d6000 	C:\WINDOWS\system32\napinsp.dll
0x00007ffb43620000 - 0x00007ffb4363a000 	C:\WINDOWS\system32\pnrpnsp.dll
0x00007ffb48f50000 - 0x00007ffb48f68000 	C:\WINDOWS\system32\NLAapi.dll
0x00007ffb4b810000 - 0x00007ffb4b86c000 	C:\WINDOWS\System32\mswsock.dll
0x00007ffb4b5f0000 - 0x00007ffb4b694000 	C:\WINDOWS\SYSTEM32\DNSAPI.dll
0x00007ffb4f050000 - 0x00007ffb4f058000 	C:\WINDOWS\System32\NSI.dll
0x00007ffb4b5b0000 - 0x00007ffb4b5e7000 	C:\WINDOWS\SYSTEM32\IPHLPAPI.DLL
0x00007ffb43640000 - 0x00007ffb4364e000 	C:\WINDOWS\System32\winrnr.dll
0x00007ffb46b10000 - 0x00007ffb46b7b000 	C:\WINDOWS\System32\fwpuclnt.dll
0x00007ffb4be70000 - 0x00007ffb4be95000 	C:\WINDOWS\SYSTEM32\bcrypt.dll
0x00007ffb45200000 - 0x00007ffb4520a000 	C:\Windows\System32\rasadhlp.dll
0x00007ffb46880000 - 0x00007ffb4689a000 	C:\Program Files\Java\jre1.8.0_192\bin\net.dll
0x00007ffb4b9b0000 - 0x00007ffb4b9c7000 	C:\WINDOWS\SYSTEM32\CRYPTSP.dll
0x00007ffb4b430000 - 0x00007ffb4b464000 	C:\WINDOWS\system32\rsaenh.dll
0x00007ffb4bed0000 - 0x00007ffb4bef9000 	C:\WINDOWS\SYSTEM32\USERENV.dll
0x00007ffb4b9d0000 - 0x00007ffb4b9db000 	C:\WINDOWS\SYSTEM32\CRYPTBASE.dll
0x00007ffb46c30000 - 0x00007ffb46c46000 	C:\WINDOWS\SYSTEM32\dhcpcsvc6.DLL
0x00007ffb46ba0000 - 0x00007ffb46bba000 	C:\WINDOWS\SYSTEM32\dhcpcsvc.DLL
0x00007ffb2cd40000 - 0x00007ffb2cd51000 	C:\Program Files\Java\jre1.8.0_192\bin\nio.dll
0x00007ffb28390000 - 0x00007ffb283b4000 	C:\Program Files\Java\jre1.8.0_192\bin\sunec.dll
0x00007ffb40b60000 - 0x00007ffb40b6d000 	C:\Program Files\Java\jre1.8.0_192\bin\management.dll

VM Arguments:
jvm_args: -agentlib:jdwp=transport=dt_socket,suspend=y,address=localhost:63741 -ea -Dfile.encoding=Cp1252 
java_command: org.testng.remote.RemoteTestNG -serport 63739 -protocol json -d C:\Users\rsingh3\Desktop\Selenium\PolicyShield\PolicyShield\test-output C:\Temp\testng-eclipse-926879875\testng-customsuite.xml
java_class_path (initial): C:\Users\rsingh3\eclipse\java-2018-09\eclipse\configuration\org.eclipse.osgi\527\0\.cp\lib\testng-remote.jar;C:\Users\rsingh3\Desktop\Selenium\PolicyShield\PolicyShield\target\test-classes;C:\Users\rsingh3\Desktop\Selenium\PolicyShield\PolicyShield\target\classes;C:\Users\rsingh3\.p2\pool\plugins\org.testng_6.14.2.r201802161450.jar;C:\Users\rsingh3\.p2\pool\plugins\com.beust.jcommander_1.72.0.jar;C:\Users\rsingh3\.p2\pool\plugins\org.apache-extras.beanshell.bsh_2.0.0.b6.jar;C:\Users\rsingh3\.p2\pool\plugins\org.yaml.snakeyaml_1.17.0.jar;C:\Users\rsingh3\.m2\repository\com\codeborne\selenide\5.0.1\selenide-5.0.1.jar;C:\Users\rsingh3\.m2\repository\io\github\bonigarcia\webdrivermanager\3.0.0\webdrivermanager-3.0.0.jar;C:\Users\rsingh3\.m2\repository\org\apache\commons\commons-lang3\3.7\commons-lang3-3.7.jar;C:\Users\rsingh3\.m2\repository\org\rauschig\jarchivelib\0.8.0\jarchivelib-0.8.0.jar;C:\Users\rsingh3\.m2\repository\org\apache\commons\commons-compress\1.14\commons-compress-1.14.jar;C:\Users\rsingh3\.m2\repository\org\jsoup\jsoup\1.11.3\jsoup-1.11.3.jar;C:\Users\rsingh3\.m2\repository\net\lightbody\bmp\browsermob-core\2.1.5\browsermob-core-2.1.5.jar;C:\Users\rsingh3\.m2\repository\net\lightbody\bmp\littleproxy\1.1.0-beta-bmp-17\littleproxy-1.1.0-beta-bmp-17.jar;C:\Users\rsingh3\.m2\repository\com\fasterxml\jackson\core\jackson-core\2.8.9\jackson-core-2.8.9.jar;C:\Users\rsingh3\.m2\repository\com\fasterxml\jackson\core\jackson-databind\2.8.9\jackson-databind-2.8.9.jar;C:\Users\rsingh3\.m2\repository\com\fasterxml\jackson\core\jackson-annotations\2.8.9\jackson-annotations-2.8.9.jar;C:\Users\rsingh3\.m2\repository\dnsjava\dnsjava\2.1.8\dnsjava-2.1.8.jar;C:\Users\rsingh3\.m2\repository\org\slf4j\jcl-over-slf4j\1.7.25\jcl-over-slf4j-1.7.25.jar;C:\Users\rsingh3\.m2\repository\com\jcraft\jzlib\1.1.3\jzlib-1.1.3.jar;C:\Users\rsingh3\.m2\repository\io\netty\netty-all\4.0.51.Final\netty-all-4.0.51.Final.jar;C:\Users\rsingh3\.m2\repository\org\b
Launcher Type: SUN_STANDARD

Environment Variables:
PATH=C:/Program Files/Java/jre1.8.0_192/bin/server;C:/Program Files/Java/jre1.8.0_192/bin;C:/Program Files/Java/jre1.8.0_192/lib/amd64;C:\app\client\clester\product\12.1.0\client_1\bin;C:\Program Files (x86)\Common Files\Oracle\Java\javapath;C:\Program Files\Microsoft MPI\Bin\;C:\ora11g\64bit\HOME;C:\ora11g\product\11.2.0\client_1\bin;C:\WINDOWS\system32;C:\WINDOWS;C:\WINDOWS\System32\Wbem;C:\WINDOWS\System32\WindowsPowerShell\v1.0\;C:\Program Files\Common Files\ThinPrint\;C:\Program Files\dotnet\;C:\Program Files\Microsoft SQL Server\130\Tools\Binn\;C:\Program Files (x86)\Xoreax\IncrediBuild;C:\Program Files (x86)\Microsoft SQL Server\Client SDK\ODBC\130\Tools\Binn\;C:\Program Files (x86)\Microsoft SQL Server\140\Tools\Binn\;C:\Program Files (x86)\Microsoft SQL Server\140\DTS\Binn\;C:\Program Files (x86)\Microsoft SQL Server\140\Tools\Binn\ManagementStudio\;C:\Program Files\apache-maven-3.6.0-bin\apache-maven-3.6.0\bin;N:\;Z:\;Y:\;Z:\WPCDLLS;C:\Users\rsingh3\Desktop;
USERNAME=rsingh3
OS=Windows_NT
PROCESSOR_IDENTIFIER=Intel64 Family 6 Model 15 Stepping 1, GenuineIntel



---------------  S Y S T E M  ---------------

OS: Windows 10.0 , 64 bit Build 15063 (10.0.15063.1058)

CPU:total 4 (initial active 4) (2 cores per cpu, 1 threads per core) family 6 model 15 stepping 1, cmov, cx8, fxsr, mmx, sse, sse2, sse3, ssse3, tsc, tscinvbit

Memory: 4k page, physical 8388148k(3162564k free), swap 9731760k(1751168k free)

vm_info: Java HotSpot(TM) 64-Bit Server VM (25.192-b12) for windows-amd64 JRE (1.8.0_192-b12), built on Oct  6 2018 17:12:23 by "java_re" with MS VC++ 10.0 (VS2010)

time: Wed Feb 27 22:03:24 2019
timezone: India Standard Time
elapsed time: 24581 seconds (0d 6h 49m 41s)

